14:22:15  Log file: logs\smap_20260508_142215.log
14:22:15  Dataset: smap  Device: cuda
14:22:15  Config: {
  "model": {
    "patch_sizes": [
      25,
      50,
      125
    ],
    "main_patch_size": 25,
    "d_model": 128,
    "n_heads": 4,
    "n_layers": 2,
    "sparsity_ratio": 0.1,
    "dropout": 0.1,
    "ffn_dropout": 0.21,
    "use_conditional_causal": true,
    "causal_hidden_dim": 64,
    "causal_lag": 5
  },
  "training": {
    "learning_rate": 0.0005,
    "weight_decay": 0.0004,
    "T_max": 70,
    "eta_min": 0,
    "batch_size": 16,
    "epochs": 30
  },
  "data": {
    "window_length": 250,
    "prediction_length": 10,
    "stride": 5
  },
  "anomaly_detection": {
    "smoothing_base": 30,
    "test_batch_size": 32,
    "tuning_percentage": 0.05
  }
}
14:22:15  
==================================================
14:22:15  Entity: A-1
14:22:37    Epoch 10/30  loss=0.4318
14:23:04    Epoch 20/30  loss=0.3472
14:23:37    Epoch 30/30  loss=0.2771
14:24:04    Results: P=0.095  R=1.000  F0.5=0.116  (109s)
14:24:04  
==================================================
14:24:04  Entity: A-2
14:24:35    Epoch 10/30  loss=0.4672
14:25:09    Epoch 20/30  loss=0.3518
14:25:41    Epoch 30/30  loss=0.2871
14:26:07    Results: P=0.026  R=1.000  F0.5=0.032  (124s)
14:26:07  
==================================================
14:26:07  Entity: A-3
14:26:42    Epoch 10/30  loss=0.4788
14:27:18    Epoch 20/30  loss=0.3547
14:27:54    Epoch 30/30  loss=0.3038
14:28:21    Results: P=0.045  R=1.000  F0.5=0.056  (134s)
14:28:21  
==================================================
14:28:21  Entity: A-4
14:28:55    Epoch 10/30  loss=0.3985
14:29:29    Epoch 20/30  loss=0.3481
14:30:06    Epoch 30/30  loss=0.2961
14:30:31    Results: P=0.000  R=0.000  F0.5=0.000  (129s)
14:30:31  
==================================================
14:30:31  Entity: A-5
14:30:37    Epoch 10/30  loss=0.0596
14:30:43    Epoch 20/30  loss=0.0330
14:30:49    Epoch 30/30  loss=0.0243
14:31:03    Results: P=0.000  R=0.000  F0.5=0.000  (33s)
14:31:03  
==================================================
14:31:03  Entity: A-6
14:31:09    Epoch 10/30  loss=0.0450
14:31:15    Epoch 20/30  loss=0.0280
14:31:21    Epoch 30/30  loss=0.0229
14:31:35    Results: P=0.137  R=1.000  F0.5=0.165  (32s)
14:31:35  
==================================================
14:31:35  Entity: A-7
14:32:10    Epoch 10/30  loss=0.0182
14:32:48    Epoch 20/30  loss=0.0069
14:33:24    Epoch 30/30  loss=0.0028
14:33:50    Results: P=0.213  R=0.215  F0.5=0.213  (135s)
14:33:50  
==================================================
14:33:50  Entity: A-8
14:33:57    Epoch 10/30  loss=0.0029
14:34:03    Epoch 20/30  loss=0.0018
14:34:11    Epoch 30/30  loss=0.0006
14:34:38    Results: P=0.000  R=0.000  F0.5=0.000  (47s)
14:34:38  
==================================================
14:34:38  Entity: A-9
14:34:45    Epoch 10/30  loss=0.0026
14:34:52    Epoch 20/30  loss=0.0007
14:34:58    Epoch 30/30  loss=0.0004
14:35:25    Results: P=0.000  R=0.000  F0.5=0.000  (47s)
14:35:25  
==================================================
14:35:25  Entity: B-1
14:35:56    Epoch 10/30  loss=0.0786
14:36:26    Epoch 20/30  loss=0.0655
14:36:58    Epoch 30/30  loss=0.0643
14:37:24    Results: P=0.000  R=0.000  F0.5=0.000  (119s)
14:37:24  
==================================================
14:37:24  Entity: D-1
14:38:01    Epoch 10/30  loss=0.4594
14:38:34    Epoch 20/30  loss=0.3272
14:39:08    Epoch 30/30  loss=0.2744
14:39:33    Results: P=0.507  R=0.091  F0.5=0.266  (128s)
14:39:33  
==================================================
14:39:33  Entity: D-11
14:40:03    Epoch 10/30  loss=0.0533
14:40:32    Epoch 20/30  loss=0.0470
14:41:02    Epoch 30/30  loss=0.0451
14:41:22    Results: P=0.000  R=0.000  F0.5=0.000  (109s)
14:41:22  
==================================================
14:41:22  Entity: D-12
