19:19:42  Log file: logs\smap_20260508_191942.log
19:19:42  Dataset: smap  Device: cuda
19:19:42  Config: {
  "model": {
    "patch_sizes": [
      25,
      50,
      125
    ],
    "main_patch_size": 25,
    "d_model": 256,
    "n_heads": 4,
    "n_layers": 2,
    "sparsity_ratio": 0.1,
    "dropout": 0.1,
    "ffn_dropout": 0.21,
    "use_conditional_causal": true,
    "causal_hidden_dim": 128,
    "causal_lag": 5
  },
  "training": {
    "learning_rate": 0.0005,
    "weight_decay": 0.0004,
    "T_max": 100,
    "eta_min": 1e-06,
    "batch_size": 24,
    "epochs": 50
  },
  "data": {
    "window_length": 250,
    "prediction_length": 10,
    "stride": 3
  },
  "anomaly_detection": {
    "smoothing_base": 30,
    "test_batch_size": 32,
    "tuning_percentage": 0.05
  }
}
19:19:42  
==================================================
19:19:42  Entity: A-1
19:20:50    Epoch 10/50  loss=0.4352
19:22:38    Epoch 20/50  loss=0.3499
19:24:58    Epoch 30/50  loss=0.2729
19:27:29    Epoch 40/50  loss=0.2723
19:30:04    Epoch 50/50  loss=0.1759
19:31:08    Results: P=0.095  R=1.000  F0.5=0.116  (686s)
19:31:08  
==================================================
19:31:08  Entity: A-2
19:33:33    Epoch 10/50  loss=0.4352
19:35:58    Epoch 20/50  loss=0.3429
19:38:26    Epoch 30/50  loss=0.2851
19:40:54    Epoch 40/50  loss=0.2580
19:43:16    Epoch 50/50  loss=0.2224
19:44:09    Results: P=0.024  R=1.000  F0.5=0.030  (781s)
19:44:09  
==================================================
19:44:09  Entity: A-3
19:46:23    Epoch 10/50  loss=0.4275
19:48:35    Epoch 20/50  loss=0.3127
19:50:46    Epoch 30/50  loss=0.2652
19:52:57    Epoch 40/50  loss=0.2465
19:55:08    Epoch 50/50  loss=0.2099
19:56:01    Results: P=0.048  R=0.995  F0.5=0.059  (712s)
19:56:01  
==================================================
19:56:01  Entity: A-4
19:58:07    Epoch 10/50  loss=0.4357
20:00:14    Epoch 20/50  loss=0.3393
20:02:22    Epoch 30/50  loss=0.2641
20:04:28    Epoch 40/50  loss=0.2147
20:06:35    Epoch 50/50  loss=0.1993
20:07:28    Results: P=0.000  R=0.000  F0.5=0.000  (686s)
20:07:28  
==================================================
20:07:28  Entity: A-5
20:07:51    Epoch 10/50  loss=0.0444
20:08:13    Epoch 20/50  loss=0.0231
20:08:37    Epoch 30/50  loss=0.0160
20:08:59    Epoch 40/50  loss=0.0128
20:09:23    Epoch 50/50  loss=0.0120
20:09:53    Results: P=0.000  R=0.000  F0.5=0.000  (145s)
20:09:53  
==================================================
20:09:53  Entity: A-6
20:10:12    Epoch 10/50  loss=0.0348
20:10:30    Epoch 20/50  loss=0.0346
20:10:50    Epoch 30/50  loss=0.0289
20:11:10    Epoch 40/50  loss=0.0253
20:11:30    Epoch 50/50  loss=0.0131
20:11:56    Results: P=0.137  R=1.000  F0.5=0.165  (124s)
20:11:56  
==================================================
20:11:56  Entity: A-7
20:14:16    Epoch 10/50  loss=0.0270
20:16:37    Epoch 20/50  loss=0.0150
20:18:58    Epoch 30/50  loss=0.0067
20:21:18    Epoch 40/50  loss=0.0032
20:23:39    Epoch 50/50  loss=0.0013
20:24:35    Results: P=0.210  R=0.213  F0.5=0.210  (758s)
20:24:35  
==================================================
20:24:35  Entity: A-8
20:25:02    Epoch 10/50  loss=0.0020
20:25:29    Epoch 20/50  loss=0.0004
20:25:56    Epoch 30/50  loss=0.0002
20:26:24    Epoch 40/50  loss=0.0001
20:26:51    Epoch 50/50  loss=0.0001
20:27:45    Results: P=0.000  R=0.000  F0.5=0.000  (191s)
20:27:45  
==================================================
20:27:45  Entity: A-9
20:28:12    Epoch 10/50  loss=0.0012
20:28:40    Epoch 20/50  loss=0.0005
20:29:07    Epoch 30/50  loss=0.0002
20:29:35    Epoch 40/50  loss=0.0002
20:30:03    Epoch 50/50  loss=0.0001
20:30:58    Results: P=0.000  R=0.000  F0.5=0.000  (193s)
20:30:58  
==================================================
20:30:58  Entity: B-1
20:32:56    Epoch 10/50  loss=0.0765
20:34:54    Epoch 20/50  loss=0.0629
20:36:53    Epoch 30/50  loss=0.0661
20:38:51    Epoch 40/50  loss=0.0619
20:40:50    Epoch 50/50  loss=0.0554
20:41:41    Results: P=0.000  R=0.000  F0.5=0.000  (643s)
20:41:41  
==================================================
20:41:41  Entity: D-1
20:44:03    Epoch 10/50  loss=0.4375
20:46:25    Epoch 20/50  loss=0.3539
20:48:47    Epoch 30/50  loss=0.2764
20:51:09    Epoch 40/50  loss=0.2323
20:53:31    Epoch 50/50  loss=0.2186
20:54:27    Results: P=0.507  R=0.091  F0.5=0.266  (766s)
20:54:27  
==================================================
20:54:27  Entity: D-11
20:56:32    Epoch 10/50  loss=0.0630
20:58:36    Epoch 20/50  loss=0.0573
21:00:41    Epoch 30/50  loss=0.0561
21:02:46    Epoch 40/50  loss=0.0538
21:04:51    Epoch 50/50  loss=0.0526
21:05:39    Results: P=0.000  R=0.000  F0.5=0.000  (672s)
21:05:39  
==================================================
21:05:39  Entity: D-12
21:05:40    [skip] only 18 training windows < batch_size 24, skipping.
21:05:40  
==================================================
21:05:40  Entity: D-13
21:06:46    Epoch 10/50  loss=0.0000
21:07:51    Epoch 20/50  loss=0.0000
21:08:57    Epoch 30/50  loss=0.0000
21:10:04    Epoch 40/50  loss=0.0000
21:11:10    Epoch 50/50  loss=0.0000
21:11:58    Results: P=0.000  R=0.000  F0.5=0.000  (378s)
21:11:58  
==================================================
21:11:58  Entity: D-2
21:14:20    Epoch 10/50  loss=0.4950
21:16:41    Epoch 20/50  loss=0.4143
21:19:03    Epoch 30/50  loss=0.3491
21:21:25    Epoch 40/50  loss=0.3226
21:23:46    Epoch 50/50  loss=0.2226
21:24:42    Results: P=0.000  R=0.000  F0.5=0.000  (764s)
21:24:42  
==================================================
21:24:42  Entity: D-3
21:27:03    Epoch 10/50  loss=0.4254
21:29:24    Epoch 20/50  loss=0.3366
21:31:45    Epoch 30/50  loss=0.2891
21:34:07    Epoch 40/50  loss=0.2331
21:36:28    Epoch 50/50  loss=0.1972
21:37:24    Results: P=0.496  R=0.090  F0.5=0.261  (762s)
21:37:24  
==================================================
21:37:24  Entity: D-4
21:39:42    Epoch 10/50  loss=0.4079
21:41:59    Epoch 20/50  loss=0.3090
21:44:16    Epoch 30/50  loss=0.2555
21:46:34    Epoch 40/50  loss=0.2248
21:48:51    Epoch 50/50  loss=0.1917
21:49:47    Results: P=0.496  R=0.091  F0.5=0.263  (743s)
21:49:47  
==================================================
21:49:47  Entity: D-5
21:51:52    Epoch 10/50  loss=0.3551
21:53:57    Epoch 20/50  loss=0.2790
21:56:02    Epoch 30/50  loss=0.2031
21:58:08    Epoch 40/50  loss=0.1733
22:00:14    Epoch 50/50  loss=0.0991
22:01:04    Results: P=0.000  R=0.000  F0.5=0.000  (677s)
22:01:04  
==================================================
22:01:04  Entity: D-6
22:03:09    Epoch 10/50  loss=0.3340
22:05:15    Epoch 20/50  loss=0.2907
22:07:22    Epoch 30/50  loss=0.2536
22:09:27    Epoch 40/50  loss=0.2321
22:11:33    Epoch 50/50  loss=0.1736
22:12:26    Results: P=0.000  R=0.000  F0.5=0.000  (682s)
22:12:26  
==================================================
22:12:26  Entity: D-7
22:14:31    Epoch 10/50  loss=0.4620
22:16:37    Epoch 20/50  loss=0.3836
22:18:43    Epoch 30/50  loss=0.3284
22:20:48    Epoch 40/50  loss=0.2605
22:22:54    Epoch 50/50  loss=0.2047
22:23:44    Results: P=1.000  R=0.196  F0.5=0.549  (678s)
22:23:44  
==================================================
22:23:44  Entity: D-8
22:25:50    Epoch 10/50  loss=0.1844
22:27:55    Epoch 20/50  loss=0.1624
22:30:00    Epoch 30/50  loss=0.1347
22:32:05    Epoch 40/50  loss=0.0866
22:34:10    Epoch 50/50  loss=0.0467
22:35:00    Results: P=0.068  R=0.804  F0.5=0.084  (676s)
22:35:00  
==================================================
22:35:00  Entity: D-9
22:37:03    Epoch 10/50  loss=0.1813
22:39:07    Epoch 20/50  loss=0.1634
22:41:12    Epoch 30/50  loss=0.1198
22:43:14    Epoch 40/50  loss=0.1002
22:45:17    Epoch 50/50  loss=0.0732
22:46:05    Results: P=0.000  R=0.000  F0.5=0.000  (665s)
22:46:05  
==================================================
22:46:05  Entity: E-1
22:48:23    Epoch 10/50  loss=0.4361
22:50:40    Epoch 20/50  loss=0.3109
22:52:56    Epoch 30/50  loss=0.2757
22:55:13    Epoch 40/50  loss=0.2360
22:57:33    Epoch 50/50  loss=0.2255
22:58:28    Results: P=0.049  R=0.057  F0.5=0.051  (743s)
22:58:28  
==================================================
22:58:28  Entity: E-10
23:00:48    Epoch 10/50  loss=0.4173
23:03:09    Epoch 20/50  loss=0.3342
23:05:30    Epoch 30/50  loss=0.2629
23:07:51    Epoch 40/50  loss=0.2373
23:10:12    Epoch 50/50  loss=0.2162
23:11:09    Results: P=0.064  R=0.118  F0.5=0.071  (761s)
23:11:09  
==================================================
23:11:09  Entity: E-11
23:13:29    Epoch 10/50  loss=0.4228
23:15:51    Epoch 20/50  loss=0.3206
23:18:12    Epoch 30/50  loss=0.2732
23:20:33    Epoch 40/50  loss=0.2346
23:22:54    Epoch 50/50  loss=0.1908
23:23:51    Results: P=0.042  R=0.085  F0.5=0.047  (762s)
23:23:51  
==================================================
23:23:51  Entity: E-12
23:26:11    Epoch 10/50  loss=0.4324
23:28:32    Epoch 20/50  loss=0.3410
23:30:53    Epoch 30/50  loss=0.2771
23:33:14    Epoch 40/50  loss=0.2459
23:35:35    Epoch 50/50  loss=0.2172
23:36:31    Results: P=0.049  R=0.050  F0.5=0.049  (760s)
23:36:31  
==================================================
23:36:31  Entity: E-13
23:38:51    Epoch 10/50  loss=0.4781
23:41:12    Epoch 20/50  loss=0.3745
23:43:32    Epoch 30/50  loss=0.3141
23:45:53    Epoch 40/50  loss=0.2976
23:48:14    Epoch 50/50  loss=0.2474
23:49:11    Results: P=0.000  R=0.000  F0.5=0.000  (760s)
23:49:11  
==================================================
23:49:11  Entity: E-2
23:51:30    Epoch 10/50  loss=0.4073
23:53:49    Epoch 20/50  loss=0.3315
23:56:09    Epoch 30/50  loss=0.2755
23:58:29    Epoch 40/50  loss=0.2434
00:00:50    Epoch 50/50  loss=0.2057
00:01:46    Results: P=0.069  R=0.029  F0.5=0.055  (755s)
00:01:46  
==================================================
00:01:46  Entity: E-3
00:04:05    Epoch 10/50  loss=0.4340
00:06:25    Epoch 20/50  loss=0.3453
00:08:44    Epoch 30/50  loss=0.2919
00:11:04    Epoch 40/50  loss=0.2620
00:13:24    Epoch 50/50  loss=0.2215
00:14:19    Results: P=0.522  R=0.096  F0.5=0.277  (753s)
00:14:19  
==================================================
00:14:19  Entity: E-4
00:16:37    Epoch 10/50  loss=0.4213
00:18:57    Epoch 20/50  loss=0.3076
00:21:16    Epoch 30/50  loss=0.2466
00:23:36    Epoch 40/50  loss=0.2276
00:25:56    Epoch 50/50  loss=0.1969
00:26:50    Results: P=0.340  R=0.072  F0.5=0.195  (752s)
00:26:50  
==================================================
00:26:50  Entity: E-5
00:29:08    Epoch 10/50  loss=0.4361
00:31:28    Epoch 20/50  loss=0.3467
00:33:47    Epoch 30/50  loss=0.2718
00:36:06    Epoch 40/50  loss=0.2389
00:38:25    Epoch 50/50  loss=0.2117
00:39:19    Results: P=0.088  R=0.162  F0.5=0.096  (749s)
00:39:19  
==================================================
00:39:19  Entity: E-6
00:41:38    Epoch 10/50  loss=0.4341
00:43:57    Epoch 20/50  loss=0.3175
00:46:16    Epoch 30/50  loss=0.2463
00:48:35    Epoch 40/50  loss=0.2312
00:50:54    Epoch 50/50  loss=0.2158
00:51:48    Results: P=0.072  R=0.652  F0.5=0.088  (749s)
00:51:48  
==================================================
00:51:48  Entity: E-7
00:53:58    Epoch 10/50  loss=0.4575
00:56:07    Epoch 20/50  loss=0.3522
00:58:19    Epoch 30/50  loss=0.2873
01:00:30    Epoch 40/50  loss=0.2720
01:02:40    Epoch 50/50  loss=0.2123
01:03:34    Results: P=0.119  R=0.249  F0.5=0.133  (706s)
01:03:34  
==================================================
01:03:34  Entity: E-8
01:05:49    Epoch 10/50  loss=0.4309
01:08:03    Epoch 20/50  loss=0.3520
01:10:16    Epoch 30/50  loss=0.2828
01:12:29    Epoch 40/50  loss=0.2288
01:14:43    Epoch 50/50  loss=0.2105
01:15:37    Results: P=0.405  R=0.384  F0.5=0.401  (723s)
01:15:37  
==================================================
01:15:37  Entity: E-9
01:17:55    Epoch 10/50  loss=0.4144
01:20:13    Epoch 20/50  loss=0.3045
01:22:31    Epoch 30/50  loss=0.2760
01:24:50    Epoch 40/50  loss=0.2417
01:27:08    Epoch 50/50  loss=0.2244
01:28:01    Results: P=0.172  R=0.291  F0.5=0.187  (744s)
01:28:01  
==================================================
01:28:01  Entity: F-1
01:30:18    Epoch 10/50  loss=0.4088
01:32:37    Epoch 20/50  loss=0.3026
01:34:56    Epoch 30/50  loss=0.2583
01:37:14    Epoch 40/50  loss=0.2336
01:39:31    Epoch 50/50  loss=0.1867
01:40:27    Results: P=0.000  R=0.000  F0.5=0.000  (745s)
01:40:27  
==================================================
01:40:27  Entity: F-2
01:42:43    Epoch 10/50  loss=0.1871
01:45:02    Epoch 20/50  loss=0.1592
01:47:19    Epoch 30/50  loss=0.1301
01:49:37    Epoch 40/50  loss=0.1039
01:51:55    Epoch 50/50  loss=0.0774
01:52:50    Results: P=0.000  R=0.000  F0.5=0.000  (743s)
01:52:50  
==================================================
01:52:50  Entity: F-3
01:55:06    Epoch 10/50  loss=0.4215
01:57:23    Epoch 20/50  loss=0.3487
01:59:40    Epoch 30/50  loss=0.2843
02:01:57    Epoch 40/50  loss=0.2405
02:04:14    Epoch 50/50  loss=0.2117
02:05:06    Results: P=0.069  R=1.000  F0.5=0.085  (737s)
02:05:06  
==================================================
02:05:06  Entity: G-1
02:07:19    Epoch 10/50  loss=0.4192
02:09:31    Epoch 20/50  loss=0.3686
02:11:43    Epoch 30/50  loss=0.3042
02:13:55    Epoch 40/50  loss=0.2394
02:16:08    Epoch 50/50  loss=0.2264
02:17:02    Results: P=0.000  R=0.000  F0.5=0.000  (716s)
02:17:02  
==================================================
02:17:02  Entity: G-2
02:18:57    Epoch 10/50  loss=0.3781
02:20:52    Epoch 20/50  loss=0.2990
02:22:47    Epoch 30/50  loss=0.2550
02:24:42    Epoch 40/50  loss=0.2170
02:26:36    Epoch 50/50  loss=0.1978
02:27:24    Results: P=0.053  R=0.854  F0.5=0.065  (621s)
02:27:24  
==================================================
02:27:24  Entity: G-3
02:29:25    Epoch 10/50  loss=0.4258
02:31:27    Epoch 20/50  loss=0.3716
02:33:27    Epoch 30/50  loss=0.2900
02:35:27    Epoch 40/50  loss=0.2348
02:37:26    Epoch 50/50  loss=0.1723
02:38:15    Results: P=0.000  R=0.000  F0.5=0.000  (652s)
02:38:15  
==================================================
02:38:15  Entity: G-4
02:40:10    Epoch 10/50  loss=0.1173
02:42:06    Epoch 20/50  loss=0.1050
02:44:03    Epoch 30/50  loss=0.0902
02:45:59    Epoch 40/50  loss=0.0864
02:47:55    Epoch 50/50  loss=0.0923
02:48:43    Results: P=0.102  R=1.000  F0.5=0.125  (628s)
02:48:43  
==================================================
02:48:43  Entity: G-6
02:50:58    Epoch 10/50  loss=0.0752
02:53:13    Epoch 20/50  loss=0.0598
02:55:27    Epoch 30/50  loss=0.0492
02:57:41    Epoch 40/50  loss=0.0462
02:59:55    Epoch 50/50  loss=0.0466
03:00:49    Results: P=0.000  R=0.000  F0.5=0.000  (726s)
03:00:49  
==================================================
03:00:49  Entity: G-7
03:02:40    Epoch 10/50  loss=0.0321
03:04:32    Epoch 20/50  loss=0.0211
03:06:23    Epoch 30/50  loss=0.0229
03:08:14    Epoch 40/50  loss=0.0197
03:10:06    Epoch 50/50  loss=0.0196
03:10:55    Results: P=0.000  R=0.000  F0.5=0.000  (605s)
03:10:55  
==================================================
03:10:55  Entity: P-1
03:13:10    Epoch 10/50  loss=0.3463
03:15:25    Epoch 20/50  loss=0.2739
03:17:41    Epoch 30/50  loss=0.2240
03:19:57    Epoch 40/50  loss=0.1663
03:22:13    Epoch 50/50  loss=0.1091
03:23:07    Results: P=0.101  R=0.160  F0.5=0.109  (732s)
03:23:07  
==================================================
03:23:07  Entity: P-2
03:25:19    Epoch 10/50  loss=0.4406
03:27:31    Epoch 20/50  loss=0.3416
03:29:42    Epoch 30/50  loss=0.2683
03:31:55    Epoch 40/50  loss=0.2470
03:34:08    Epoch 50/50  loss=0.2235
03:34:59    Results: P=0.376  R=0.200  F0.5=0.320  (712s)
03:34:59  
==================================================
03:34:59  Entity: P-3
03:37:14    Epoch 10/50  loss=0.4375
03:39:30    Epoch 20/50  loss=0.3476
03:41:47    Epoch 30/50  loss=0.3015
03:44:03    Epoch 40/50  loss=0.2563
03:46:20    Epoch 50/50  loss=0.2296
03:47:14    Results: P=0.297  R=0.131  F0.5=0.237  (735s)
03:47:14  
==================================================
03:47:14  Entity: P-4
03:49:13    Epoch 10/50  loss=0.3886
03:51:15    Epoch 20/50  loss=0.3149
03:53:16    Epoch 30/50  loss=0.2824
03:55:18    Epoch 40/50  loss=0.2433
03:57:19    Epoch 50/50  loss=0.2305
03:58:08    Results: P=0.356  R=0.819  F0.5=0.401  (655s)
03:58:08  
==================================================
03:58:08  Entity: P-7
04:00:24    Epoch 10/50  loss=0.0319
04:02:40    Epoch 20/50  loss=0.0268
04:04:55    Epoch 30/50  loss=0.0245
04:07:10    Epoch 40/50  loss=0.0237
04:09:26    Epoch 50/50  loss=0.0225
04:10:16    Results: P=0.708  R=0.716  F0.5=0.710  (727s)
04:10:16  
==================================================
04:10:16  Entity: R-1
04:12:29    Epoch 10/50  loss=0.0277
04:14:44    Epoch 20/50  loss=0.0237
04:16:59    Epoch 30/50  loss=0.0243
04:19:14    Epoch 40/50  loss=0.0219
04:21:29    Epoch 50/50  loss=0.0211
04:22:17    Results: P=0.248  R=0.914  F0.5=0.291  (721s)
04:22:17  
==================================================
04:22:17  Entity: S-1
04:24:28    Epoch 10/50  loss=0.4352
04:26:38    Epoch 20/50  loss=0.3273
04:28:50    Epoch 30/50  loss=0.2669
04:31:02    Epoch 40/50  loss=0.2390
04:33:13    Epoch 50/50  loss=0.2176
04:34:00    Results: P=0.000  R=0.000  F0.5=0.000  (703s)
04:34:00  
==================================================
04:34:00  Entity: T-1
04:36:13    Epoch 10/50  loss=0.0003
04:38:27    Epoch 20/50  loss=0.0002
04:40:41    Epoch 30/50  loss=0.0002
04:42:55    Epoch 40/50  loss=0.0002
04:45:08    Epoch 50/50  loss=0.0001
04:46:00    Results: P=0.000  R=0.000  F0.5=0.000  (721s)
04:46:00  
==================================================
04:46:00  Entity: T-2
04:48:15    Epoch 10/50  loss=0.1683
04:50:30    Epoch 20/50  loss=0.1412
04:52:44    Epoch 30/50  loss=0.1236
04:54:59    Epoch 40/50  loss=0.1073
04:57:13    Epoch 50/50  loss=0.0945
04:58:06    Results: P=0.000  R=0.000  F0.5=0.000  (726s)
04:58:06  
==================================================
04:58:06  Entity: T-3
05:00:20    Epoch 10/50  loss=0.1800
05:02:34    Epoch 20/50  loss=0.1575
05:04:48    Epoch 30/50  loss=0.1379
05:07:02    Epoch 40/50  loss=0.1167
05:09:15    Epoch 50/50  loss=0.0662
05:10:09    Results: P=0.143  R=0.842  F0.5=0.171  (723s)
05:10:09  
==================================================
05:10:09  Summary:
05:10:09    A-1       P=0.095  R=1.000  F0.5=0.116
05:10:09    A-2       P=0.024  R=1.000  F0.5=0.030
05:10:09    A-3       P=0.048  R=0.995  F0.5=0.059
05:10:09    A-4       P=0.000  R=0.000  F0.5=0.000
05:10:09    A-5       P=0.000  R=0.000  F0.5=0.000
05:10:09    A-6       P=0.137  R=1.000  F0.5=0.165
05:10:09    A-7       P=0.210  R=0.213  F0.5=0.210
05:10:09    A-8       P=0.000  R=0.000  F0.5=0.000
05:10:09    A-9       P=0.000  R=0.000  F0.5=0.000
05:10:09    B-1       P=0.000  R=0.000  F0.5=0.000
05:10:09    D-1       P=0.507  R=0.091  F0.5=0.266
05:10:09    D-11      P=0.000  R=0.000  F0.5=0.000
05:10:09    D-13      P=0.000  R=0.000  F0.5=0.000
05:10:09    D-2       P=0.000  R=0.000  F0.5=0.000
05:10:09    D-3       P=0.496  R=0.090  F0.5=0.261
05:10:09    D-4       P=0.496  R=0.091  F0.5=0.263
05:10:09    D-5       P=0.000  R=0.000  F0.5=0.000
05:10:09    D-6       P=0.000  R=0.000  F0.5=0.000
05:10:09    D-7       P=1.000  R=0.196  F0.5=0.549
05:10:09    D-8       P=0.068  R=0.804  F0.5=0.084
05:10:09    D-9       P=0.000  R=0.000  F0.5=0.000
05:10:09    E-1       P=0.049  R=0.057  F0.5=0.051
05:10:09    E-10      P=0.064  R=0.118  F0.5=0.071
05:10:09    E-11      P=0.042  R=0.085  F0.5=0.047
05:10:09    E-12      P=0.049  R=0.050  F0.5=0.049
05:10:09    E-13      P=0.000  R=0.000  F0.5=0.000
05:10:09    E-2       P=0.069  R=0.029  F0.5=0.055
05:10:09    E-3       P=0.522  R=0.096  F0.5=0.277
05:10:09    E-4       P=0.340  R=0.072  F0.5=0.195
05:10:09    E-5       P=0.088  R=0.162  F0.5=0.096
05:10:09    E-6       P=0.072  R=0.652  F0.5=0.088
05:10:09    E-7       P=0.119  R=0.249  F0.5=0.133
05:10:09    E-8       P=0.405  R=0.384  F0.5=0.401
05:10:09    E-9       P=0.172  R=0.291  F0.5=0.187
05:10:09    F-1       P=0.000  R=0.000  F0.5=0.000
05:10:09    F-2       P=0.000  R=0.000  F0.5=0.000
05:10:09    F-3       P=0.069  R=1.000  F0.5=0.085
05:10:09    G-1       P=0.000  R=0.000  F0.5=0.000
05:10:09    G-2       P=0.053  R=0.854  F0.5=0.065
05:10:09    G-3       P=0.000  R=0.000  F0.5=0.000
05:10:09    G-4       P=0.102  R=1.000  F0.5=0.125
05:10:09    G-6       P=0.000  R=0.000  F0.5=0.000
05:10:09    G-7       P=0.000  R=0.000  F0.5=0.000
05:10:09    P-1       P=0.101  R=0.160  F0.5=0.109
05:10:09    P-2       P=0.376  R=0.200  F0.5=0.320
05:10:09    P-3       P=0.297  R=0.131  F0.5=0.237
05:10:09    P-4       P=0.356  R=0.819  F0.5=0.401
05:10:09    P-7       P=0.708  R=0.716  F0.5=0.710
05:10:09    R-1       P=0.248  R=0.914  F0.5=0.291
05:10:09    S-1       P=0.000  R=0.000  F0.5=0.000
05:10:09    T-1       P=0.000  R=0.000  F0.5=0.000
05:10:09    T-2       P=0.000  R=0.000  F0.5=0.000
05:10:09    T-3       P=0.143  R=0.842  F0.5=0.171
05:10:09  
Average F0.5: 0.116
05:10:09  Results saved to: logs\smap_20260508_191942_results.csv
05:10:09  Summary saved to: logs\smap_20260508_191942_summary.json
