14:46:19  Log file: logs\smap_20260508_144619.log
14:46:19  Dataset: smap  Device: cuda
14:46:19  Config: {
  "model": {
    "patch_sizes": [
      25,
      50,
      125
    ],
    "main_patch_size": 25,
    "d_model": 128,
    "n_heads": 4,
    "n_layers": 2,
    "sparsity_ratio": 0.1,
    "dropout": 0.1,
    "ffn_dropout": 0.21,
    "use_conditional_causal": true,
    "causal_hidden_dim": 64,
    "causal_lag": 5
  },
  "training": {
    "learning_rate": 0.0005,
    "weight_decay": 0.0004,
    "T_max": 70,
    "eta_min": 0,
    "batch_size": 16,
    "epochs": 30
  },
  "data": {
    "window_length": 250,
    "prediction_length": 10,
    "stride": 5
  },
  "anomaly_detection": {
    "smoothing_base": 30,
    "test_batch_size": 32,
    "tuning_percentage": 0.05
  }
}
14:46:19  
==================================================
14:46:19  Entity: A-1
14:46:39    Epoch 10/30  loss=0.4447
14:46:58    Epoch 20/30  loss=0.3325
14:47:20    Epoch 30/30  loss=0.2692
14:47:39    Results: P=0.095  R=1.000  F0.5=0.116  (79s)
14:47:39  
==================================================
14:47:39  Entity: A-2
14:48:02    Epoch 10/30  loss=0.4861
14:48:29    Epoch 20/30  loss=0.3647
14:48:58    Epoch 30/30  loss=0.3027
14:49:21    Results: P=0.000  R=0.000  F0.5=0.000  (102s)
14:49:21  
==================================================
14:49:21  Entity: A-3
14:49:53    Epoch 10/30  loss=0.4745
14:50:27    Epoch 20/30  loss=0.3346
14:51:02    Epoch 30/30  loss=0.2703
14:51:29    Results: P=0.000  R=0.000  F0.5=0.000  (128s)
14:51:29  
==================================================
14:51:29  Entity: A-4
14:52:02    Epoch 10/30  loss=0.4562
14:52:37    Epoch 20/30  loss=0.3470
14:53:12    Epoch 30/30  loss=0.3081
14:53:37    Results: P=0.000  R=0.000  F0.5=0.000  (128s)
14:53:37  
==================================================
14:53:37  Entity: A-5
14:53:42    Epoch 10/30  loss=0.0530
14:53:48    Epoch 20/30  loss=0.0321
14:53:55    Epoch 30/30  loss=0.0235
14:54:09    Results: P=0.000  R=0.000  F0.5=0.000  (32s)
14:54:09  
==================================================
14:54:09  Entity: A-6
14:54:15    Epoch 10/30  loss=0.0522
14:54:20    Epoch 20/30  loss=0.0282
14:54:26    Epoch 30/30  loss=0.0226
14:54:40    Results: P=0.137  R=1.000  F0.5=0.166  (30s)
14:54:40  
==================================================
14:54:40  Entity: A-7
14:55:16    Epoch 10/30  loss=0.0226
14:55:52    Epoch 20/30  loss=0.0066
14:56:29    Epoch 30/30  loss=0.0030
14:56:57    Results: P=0.206  R=0.202  F0.5=0.205  (137s)
14:56:57  
==================================================
14:56:57  Entity: A-8
14:57:04    Epoch 10/30  loss=0.0014
14:57:11    Epoch 20/30  loss=0.0007
14:57:18    Epoch 30/30  loss=0.0004
14:57:43    Results: P=0.000  R=0.000  F0.5=0.000  (46s)
14:57:43  
==================================================
14:57:43  Entity: A-9
14:57:50    Epoch 10/30  loss=0.0017
14:57:58    Epoch 20/30  loss=0.0006
14:58:04    Epoch 30/30  loss=0.0003
14:58:30    Results: P=0.000  R=0.000  F0.5=0.000  (47s)
14:58:30  
==================================================
14:58:30  Entity: B-1
14:58:58    Epoch 10/30  loss=0.0770
14:59:26    Epoch 20/30  loss=0.0653
14:59:55    Epoch 30/30  loss=0.0613
15:00:17    Results: P=0.000  R=0.000  F0.5=0.000  (107s)
15:00:17  
==================================================
15:00:17  Entity: D-1
15:00:50    Epoch 10/30  loss=0.4608
15:01:24    Epoch 20/30  loss=0.3297
15:01:56    Epoch 30/30  loss=0.2911
15:02:21    Results: P=0.507  R=0.091  F0.5=0.266  (124s)
15:02:21  
==================================================
15:02:21  Entity: D-11
15:02:50    Epoch 10/30  loss=0.0528
15:03:21    Epoch 20/30  loss=0.0492
15:03:50    Epoch 30/30  loss=0.0462
15:04:11    Results: P=0.000  R=0.000  F0.5=0.000  (110s)
15:04:11  
==================================================
15:04:11  Entity: D-12
15:04:11    [skip] only 11 training windows < batch_size 16, skipping.
15:04:11  
==================================================
15:04:11  Entity: D-13
15:04:27    Epoch 10/30  loss=0.0001
15:04:41    Epoch 20/30  loss=0.0000
15:04:56    Epoch 30/30  loss=0.0000
15:05:18    Results: P=0.000  R=0.000  F0.5=0.000  (67s)
15:05:18  
==================================================
15:05:18  Entity: D-2
15:05:51    Epoch 10/30  loss=0.5105
15:06:24    Epoch 20/30  loss=0.3970
15:06:56    Epoch 30/30  loss=0.3374
15:07:22    Results: P=0.000  R=0.000  F0.5=0.000  (124s)
15:07:22  
==================================================
15:07:22  Entity: D-3
15:07:53    Epoch 10/30  loss=0.3970
15:08:26    Epoch 20/30  loss=0.3311
15:08:59    Epoch 30/30  loss=0.2520
15:09:24    Results: P=0.496  R=0.090  F0.5=0.261  (122s)
15:09:24  
==================================================
15:09:24  Entity: D-4
15:09:56    Epoch 10/30  loss=0.4520
15:10:29    Epoch 20/30  loss=0.3523
15:11:01    Epoch 30/30  loss=0.2955
15:11:25    Results: P=0.496  R=0.091  F0.5=0.263  (121s)
15:11:25  
==================================================
15:11:25  Entity: D-5
15:11:53    Epoch 10/30  loss=0.3890
15:12:22    Epoch 20/30  loss=0.3103
15:12:50    Epoch 30/30  loss=0.2418
15:13:12    Results: P=0.000  R=0.000  F0.5=0.000  (107s)
15:13:12  
==================================================
15:13:12  Entity: D-6
15:13:41    Epoch 10/30  loss=0.3950
15:14:10    Epoch 20/30  loss=0.3013
15:14:40    Epoch 30/30  loss=0.2286
15:15:02    Results: P=0.000  R=0.000  F0.5=0.000  (111s)
15:15:02  
==================================================
15:15:02  Entity: D-7
15:15:32    Epoch 10/30  loss=0.5108
15:16:02    Epoch 20/30  loss=0.3930
15:16:32    Epoch 30/30  loss=0.3154
15:16:52    Results: P=1.000  R=0.196  F0.5=0.549  (110s)
15:16:52  
==================================================
15:16:52  Entity: D-8
15:17:22    Epoch 10/30  loss=0.1553
15:17:52    Epoch 20/30  loss=0.1285
15:18:22    Epoch 30/30  loss=0.1048
15:18:43    Results: P=0.068  R=0.804  F0.5=0.084  (111s)
15:18:43  
==================================================
15:18:43  Entity: D-9
15:19:13    Epoch 10/30  loss=0.1688
15:19:42    Epoch 20/30  loss=0.1309
15:20:11    Epoch 30/30  loss=0.0962
15:20:33    Results: P=0.000  R=0.000  F0.5=0.000  (109s)
15:20:33  
==================================================
15:20:33  Entity: E-1
15:21:05    Epoch 10/30  loss=0.4614
15:21:37    Epoch 20/30  loss=0.3405
15:22:09    Epoch 30/30  loss=0.2869
15:22:32    Results: P=0.049  R=0.057  F0.5=0.051  (120s)
15:22:32  
==================================================
15:22:32  Entity: E-10
15:23:04    Epoch 10/30  loss=0.4645
15:23:38    Epoch 20/30  loss=0.3375
15:24:12    Epoch 30/30  loss=0.2884
15:24:36    Results: P=0.064  R=0.118  F0.5=0.071  (124s)
15:24:36  
==================================================
15:24:36  Entity: E-11
15:25:08    Epoch 10/30  loss=0.4824
15:25:42    Epoch 20/30  loss=0.2965
15:26:15    Epoch 30/30  loss=0.2618
15:26:40    Results: P=0.042  R=0.085  F0.5=0.047  (125s)
15:26:40  
==================================================
15:26:40  Entity: E-12
15:27:13    Epoch 10/30  loss=0.4835
15:27:47    Epoch 20/30  loss=0.3494
15:28:21    Epoch 30/30  loss=0.2781
15:28:45    Results: P=0.049  R=0.050  F0.5=0.049  (124s)
15:28:45  
==================================================
15:28:45  Entity: E-13
15:29:18    Epoch 10/30  loss=0.5208
15:29:52    Epoch 20/30  loss=0.3774
15:30:25    Epoch 30/30  loss=0.2851
15:30:51    Results: P=0.000  R=0.000  F0.5=0.000  (127s)
15:30:51  
==================================================
15:30:51  Entity: E-2
15:31:25    Epoch 10/30  loss=0.4590
15:31:58    Epoch 20/30  loss=0.2950
15:32:32    Epoch 30/30  loss=0.2710
15:32:57    Results: P=0.069  R=0.029  F0.5=0.055  (126s)
15:32:57  
==================================================
15:32:57  Entity: E-3
15:33:31    Epoch 10/30  loss=0.4528
15:34:04    Epoch 20/30  loss=0.3398
15:34:37    Epoch 30/30  loss=0.2968
15:35:01    Results: P=0.522  R=0.096  F0.5=0.277  (124s)
15:35:01  
==================================================
15:35:01  Entity: E-4
15:35:35    Epoch 10/30  loss=0.4700
15:36:09    Epoch 20/30  loss=0.3506
15:36:42    Epoch 30/30  loss=0.2831
15:37:08    Results: P=0.340  R=0.072  F0.5=0.195  (126s)
15:37:08  
==================================================
15:37:08  Entity: E-5
15:37:41    Epoch 10/30  loss=0.4627
15:38:14    Epoch 20/30  loss=0.3469
15:38:48    Epoch 30/30  loss=0.2839
15:39:12    Results: P=0.088  R=0.162  F0.5=0.096  (125s)
15:39:12  
==================================================
15:39:12  Entity: E-6
15:39:46    Epoch 10/30  loss=0.4544
15:40:20    Epoch 20/30  loss=0.3495
15:40:53    Epoch 30/30  loss=0.2865
15:41:18    Results: P=0.072  R=0.652  F0.5=0.088  (126s)
15:41:18  
==================================================
15:41:18  Entity: E-7
15:41:49    Epoch 10/30  loss=0.4613
15:42:22    Epoch 20/30  loss=0.3431
15:42:54    Epoch 30/30  loss=0.2764
15:43:19    Results: P=0.119  R=0.249  F0.5=0.133  (121s)
15:43:19  
==================================================
15:43:19  Entity: E-8
15:43:53    Epoch 10/30  loss=0.4740
15:44:27    Epoch 20/30  loss=0.3344
15:45:00    Epoch 30/30  loss=0.2824
15:45:26    Results: P=0.405  R=0.384  F0.5=0.401  (127s)
15:45:26  
==================================================
15:45:26  Entity: E-9
15:45:59    Epoch 10/30  loss=0.4721
15:46:33    Epoch 20/30  loss=0.3384
15:47:07    Epoch 30/30  loss=0.2638
15:47:33    Results: P=0.172  R=0.291  F0.5=0.187  (127s)
15:47:33  
==================================================
15:47:33  Entity: F-1
15:48:06    Epoch 10/30  loss=0.4520
15:48:40    Epoch 20/30  loss=0.3149
15:49:14    Epoch 30/30  loss=0.2442
15:49:40    Results: P=0.023  R=1.000  F0.5=0.029  (127s)
15:49:40  
==================================================
15:49:40  Entity: F-2
15:50:12    Epoch 10/30  loss=0.1972
15:50:46    Epoch 20/30  loss=0.1451
15:51:19    Epoch 30/30  loss=0.1412
15:51:46    Results: P=0.000  R=0.000  F0.5=0.000  (126s)
15:51:46  
==================================================
15:51:46  Entity: F-3
15:52:19    Epoch 10/30  loss=0.4609
15:52:53    Epoch 20/30  loss=0.3207
15:53:27    Epoch 30/30  loss=0.2824
15:53:53    Results: P=0.069  R=1.000  F0.5=0.085  (127s)
15:53:53  
==================================================
15:53:53  Entity: G-1
15:54:27    Epoch 10/30  loss=0.4600
15:54:59    Epoch 20/30  loss=0.3615
15:55:34    Epoch 30/30  loss=0.2975
15:55:58    Results: P=0.000  R=0.000  F0.5=0.000  (125s)
15:55:58  
==================================================
15:55:58  Entity: G-2
15:56:27    Epoch 10/30  loss=0.4192
15:56:56    Epoch 20/30  loss=0.3127
15:57:26    Epoch 30/30  loss=0.2519
15:57:46    Results: P=0.053  R=0.854  F0.5=0.065  (108s)
15:57:46  
==================================================
15:57:46  Entity: G-3
15:58:17    Epoch 10/30  loss=0.5224
15:58:47    Epoch 20/30  loss=0.3689
15:59:17    Epoch 30/30  loss=0.2991
15:59:41    Results: P=0.000  R=0.000  F0.5=0.000  (115s)
15:59:41  
==================================================
15:59:41  Entity: G-4
16:00:09    Epoch 10/30  loss=0.1081
16:00:38    Epoch 20/30  loss=0.0936
16:01:07    Epoch 30/30  loss=0.0822
16:01:30    Results: P=0.100  R=1.000  F0.5=0.122  (110s)
16:01:30  
==================================================
16:01:30  Entity: G-6
16:02:03    Epoch 10/30  loss=0.0833
16:02:37    Epoch 20/30  loss=0.0702
16:03:10    Epoch 30/30  loss=0.0641
16:03:34    Results: P=0.000  R=0.000  F0.5=0.000  (124s)
16:03:34  
==================================================
16:03:34  Entity: G-7
16:04:01    Epoch 10/30  loss=0.0240
16:04:30    Epoch 20/30  loss=0.0180
16:04:57    Epoch 30/30  loss=0.0167
16:05:21    Results: P=0.000  R=0.000  F0.5=0.000  (106s)
16:05:21  
==================================================
16:05:21  Entity: P-1
16:05:54    Epoch 10/30  loss=0.3577
16:06:26    Epoch 20/30  loss=0.2824
16:07:00    Epoch 30/30  loss=0.2119
16:07:24    Results: P=0.101  R=0.160  F0.5=0.109  (123s)
16:07:24  
==================================================
16:07:24  Entity: P-2
16:07:57    Epoch 10/30  loss=0.4848
16:08:30    Epoch 20/30  loss=0.3551
16:09:03    Epoch 30/30  loss=0.2953
16:09:27    Results: P=0.376  R=0.200  F0.5=0.320  (123s)
16:09:27  
==================================================
16:09:27  Entity: P-3
16:10:00    Epoch 10/30  loss=0.4754
16:10:33    Epoch 20/30  loss=0.3496
16:11:06    Epoch 30/30  loss=0.2953
16:11:32    Results: P=0.297  R=0.131  F0.5=0.237  (124s)
16:11:32  
==================================================
16:11:32  Entity: P-4
16:12:00    Epoch 10/30  loss=0.4523
16:12:32    Epoch 20/30  loss=0.3281
16:13:00    Epoch 30/30  loss=0.2762
16:13:24    Results: P=0.356  R=0.819  F0.5=0.401  (112s)
16:13:24  
==================================================
16:13:24  Entity: P-7
16:13:56    Epoch 10/30  loss=0.0345
16:14:29    Epoch 20/30  loss=0.0290
16:15:03    Epoch 30/30  loss=0.0271
16:15:24    Results: P=0.350  R=0.158  F0.5=0.282  (120s)
16:15:24  
==================================================
16:15:24  Entity: R-1
16:15:57    Epoch 10/30  loss=0.0299
16:16:31    Epoch 20/30  loss=0.0257
16:17:04    Epoch 30/30  loss=0.0114
16:17:25    Results: P=0.248  R=0.914  F0.5=0.291  (121s)
16:17:25  
==================================================
16:17:25  Entity: S-1
16:17:58    Epoch 10/30  loss=0.4669
16:18:30    Epoch 20/30  loss=0.3413
16:19:04    Epoch 30/30  loss=0.2781
16:19:26    Results: P=0.000  R=0.000  F0.5=0.000  (121s)
16:19:26  
==================================================
16:19:26  Entity: T-1
16:19:58    Epoch 10/30  loss=0.0005
16:20:32    Epoch 20/30  loss=0.0003
16:21:06    Epoch 30/30  loss=0.0002
16:21:30    Results: P=0.000  R=0.000  F0.5=0.000  (124s)
16:21:30  
==================================================
16:21:30  Entity: T-2
16:22:02    Epoch 10/30  loss=0.1691
16:22:36    Epoch 20/30  loss=0.1412
16:23:09    Epoch 30/30  loss=0.1039
16:23:33    Results: P=0.000  R=0.000  F0.5=0.000  (123s)
16:23:33  
==================================================
16:23:33  Entity: T-3
16:24:07    Epoch 10/30  loss=0.1787
16:24:40    Epoch 20/30  loss=0.1231
16:25:12    Epoch 30/30  loss=0.0688
16:25:37    Results: P=0.143  R=0.842  F0.5=0.171  (124s)
16:25:37  
==================================================
16:25:37  Summary:
16:25:37    A-1       P=0.095  R=1.000  F0.5=0.116
16:25:37    A-2       P=0.000  R=0.000  F0.5=0.000
16:25:37    A-3       P=0.000  R=0.000  F0.5=0.000
16:25:37    A-4       P=0.000  R=0.000  F0.5=0.000
16:25:37    A-5       P=0.000  R=0.000  F0.5=0.000
16:25:37    A-6       P=0.137  R=1.000  F0.5=0.166
16:25:37    A-7       P=0.206  R=0.202  F0.5=0.205
16:25:37    A-8       P=0.000  R=0.000  F0.5=0.000
16:25:37    A-9       P=0.000  R=0.000  F0.5=0.000
16:25:37    B-1       P=0.000  R=0.000  F0.5=0.000
16:25:37    D-1       P=0.507  R=0.091  F0.5=0.266
16:25:37    D-11      P=0.000  R=0.000  F0.5=0.000
16:25:37    D-13      P=0.000  R=0.000  F0.5=0.000
16:25:37    D-2       P=0.000  R=0.000  F0.5=0.000
16:25:37    D-3       P=0.496  R=0.090  F0.5=0.261
16:25:37    D-4       P=0.496  R=0.091  F0.5=0.263
16:25:37    D-5       P=0.000  R=0.000  F0.5=0.000
16:25:37    D-6       P=0.000  R=0.000  F0.5=0.000
16:25:37    D-7       P=1.000  R=0.196  F0.5=0.549
16:25:37    D-8       P=0.068  R=0.804  F0.5=0.084
16:25:37    D-9       P=0.000  R=0.000  F0.5=0.000
16:25:37    E-1       P=0.049  R=0.057  F0.5=0.051
16:25:37    E-10      P=0.064  R=0.118  F0.5=0.071
16:25:37    E-11      P=0.042  R=0.085  F0.5=0.047
16:25:37    E-12      P=0.049  R=0.050  F0.5=0.049
16:25:37    E-13      P=0.000  R=0.000  F0.5=0.000
16:25:37    E-2       P=0.069  R=0.029  F0.5=0.055
16:25:37    E-3       P=0.522  R=0.096  F0.5=0.277
16:25:37    E-4       P=0.340  R=0.072  F0.5=0.195
16:25:37    E-5       P=0.088  R=0.162  F0.5=0.096
16:25:37    E-6       P=0.072  R=0.652  F0.5=0.088
16:25:37    E-7       P=0.119  R=0.249  F0.5=0.133
16:25:37    E-8       P=0.405  R=0.384  F0.5=0.401
16:25:37    E-9       P=0.172  R=0.291  F0.5=0.187
16:25:37    F-1       P=0.023  R=1.000  F0.5=0.029
16:25:37    F-2       P=0.000  R=0.000  F0.5=0.000
16:25:37    F-3       P=0.069  R=1.000  F0.5=0.085
16:25:37    G-1       P=0.000  R=0.000  F0.5=0.000
16:25:37    G-2       P=0.053  R=0.854  F0.5=0.065
16:25:37    G-3       P=0.000  R=0.000  F0.5=0.000
16:25:37    G-4       P=0.100  R=1.000  F0.5=0.122
16:25:37    G-6       P=0.000  R=0.000  F0.5=0.000
16:25:37    G-7       P=0.000  R=0.000  F0.5=0.000
16:25:37    P-1       P=0.101  R=0.160  F0.5=0.109
16:25:37    P-2       P=0.376  R=0.200  F0.5=0.320
16:25:37    P-3       P=0.297  R=0.131  F0.5=0.237
16:25:37    P-4       P=0.356  R=0.819  F0.5=0.401
16:25:37    P-7       P=0.350  R=0.158  F0.5=0.282
16:25:37    R-1       P=0.248  R=0.914  F0.5=0.291
16:25:37    S-1       P=0.000  R=0.000  F0.5=0.000
16:25:37    T-1       P=0.000  R=0.000  F0.5=0.000
16:25:37    T-2       P=0.000  R=0.000  F0.5=0.000
16:25:37    T-3       P=0.143  R=0.842  F0.5=0.171
16:25:37  
Average F0.5: 0.107
16:25:37  Results saved to: logs\smap_20260508_144619_results.csv
16:25:37  Summary saved to: logs\smap_20260508_144619_summary.json
