10:50:41  Log file: logs\smap_20260509_105041.log
10:50:41  Dataset: smap  Device: cuda
10:50:41  Config: {
  "model": {
    "patch_sizes": [
      25,
      50,
      125
    ],
    "main_patch_size": 25,
    "d_model": 256,
    "n_heads": 4,
    "n_layers": 2,
    "sparsity_ratio": 0.1,
    "dropout": 0.1,
    "ffn_dropout": 0.21,
    "use_conditional_causal": true,
    "causal_hidden_dim": 128,
    "causal_lag": 5
  },
  "training": {
    "learning_rate": 0.0005,
    "weight_decay": 0.0004,
    "T_max": 100,
    "eta_min": 1e-06,
    "batch_size": 24,
    "epochs": 50
  },
  "data": {
    "window_length": 250,
    "prediction_length": 10,
    "stride": 3
  },
  "anomaly_detection": {
    "smoothing_base": 30,
    "test_batch_size": 32,
    "tuning_percentage": 0.05,
    "use_adaptive": true
  }
}
10:50:41  
==================================================
10:50:41  Entity: A-1
10:51:49    Epoch 10/50  loss=0.4179
10:53:30    Epoch 20/50  loss=0.3380
10:55:44    Epoch 30/50  loss=0.2898
10:58:11    Epoch 40/50  loss=0.2391
11:00:43    Epoch 50/50  loss=0.1835
11:01:51    Adaptive tuning_p=0.0162
11:01:51    Results: P=0.095  R=1.000  F0.5=0.116  (670s)
11:01:51  
==================================================
11:01:51  Entity: A-2
11:04:08    Epoch 10/50  loss=0.4409
11:06:30    Epoch 20/50  loss=0.3547
11:08:53    Epoch 30/50  loss=0.3013
11:11:14    Epoch 40/50  loss=0.2528
11:13:33    Epoch 50/50  loss=0.2147
11:14:30    Adaptive tuning_p=0.0328
11:14:30    Results: P=0.000  R=0.000  F0.5=0.000  (759s)
11:14:30  
==================================================
11:14:30  Entity: A-3
11:16:41    Epoch 10/50  loss=0.4383
11:18:51    Epoch 20/50  loss=0.3246
11:21:00    Epoch 30/50  loss=0.2786
11:23:07    Epoch 40/50  loss=0.2417
11:25:14    Epoch 50/50  loss=0.1892
11:26:12    Adaptive tuning_p=0.0100
11:26:12    Results: P=0.000  R=0.000  F0.5=0.000  (701s)
11:26:12  
==================================================
11:26:12  Entity: A-4
11:28:15    Epoch 10/50  loss=0.4276
11:30:18    Epoch 20/50  loss=0.3560
11:32:21    Epoch 30/50  loss=0.2967
11:34:24    Epoch 40/50  loss=0.2593
11:36:28    Epoch 50/50  loss=0.2045
11:37:25    Adaptive tuning_p=0.0631
11:37:25    Results: P=0.000  R=0.000  F0.5=0.000  (673s)
11:37:25  
==================================================
11:37:25  Entity: A-5
11:37:47    Epoch 10/50  loss=0.0416
11:38:09    Epoch 20/50  loss=0.0235
11:38:32    Epoch 30/50  loss=0.0152
11:38:56    Epoch 40/50  loss=0.0153
11:39:18    Epoch 50/50  loss=0.0111
11:39:48    Adaptive tuning_p=0.0100
11:39:48    Results: P=0.180  R=1.000  F0.5=0.215  (143s)
11:39:48  
==================================================
11:39:48  Entity: A-6
11:40:07    Epoch 10/50  loss=0.0476
11:40:26    Epoch 20/50  loss=0.0190
11:40:45    Epoch 30/50  loss=0.0279
11:41:04    Epoch 40/50  loss=0.0204
11:41:23    Epoch 50/50  loss=0.0192
11:41:52    Adaptive tuning_p=0.0100
11:41:52    Results: P=0.138  R=1.000  F0.5=0.166  (123s)
11:41:52  
==================================================
11:41:52  Entity: A-7
11:44:09    Epoch 10/50  loss=0.0244
11:46:28    Epoch 20/50  loss=0.0139
11:48:46    Epoch 30/50  loss=0.0067
11:51:05    Epoch 40/50  loss=0.0014
11:53:24    Epoch 50/50  loss=0.0006
11:54:25    Adaptive tuning_p=0.0100
11:54:25    Results: P=0.497  R=0.111  F0.5=0.293  (753s)
11:54:25  
==================================================
11:54:25  Entity: A-8
11:54:51    Epoch 10/50  loss=0.0015
11:55:17    Epoch 20/50  loss=0.0003
11:55:45    Epoch 30/50  loss=0.0002
11:56:12    Epoch 40/50  loss=0.0001
11:56:39    Epoch 50/50  loss=0.0001
11:57:33    Adaptive tuning_p=0.0100
11:57:33    Results: P=0.000  R=0.000  F0.5=0.000  (188s)
11:57:33  
==================================================
11:57:33  Entity: A-9
11:57:59    Epoch 10/50  loss=0.0011
11:58:26    Epoch 20/50  loss=0.0003
11:58:53    Epoch 30/50  loss=0.0002
11:59:20    Epoch 40/50  loss=0.0001
11:59:47    Epoch 50/50  loss=0.0001
12:00:41    Adaptive tuning_p=0.0100
12:00:41    Results: P=0.000  R=0.000  F0.5=0.000  (188s)
12:00:41  
==================================================
12:00:41  Entity: B-1
12:02:36    Epoch 10/50  loss=0.0771
12:04:34    Epoch 20/50  loss=0.0664
12:06:29    Epoch 30/50  loss=0.0699
12:08:24    Epoch 40/50  loss=0.0535
12:10:20    Epoch 50/50  loss=0.0489
12:11:14    Adaptive tuning_p=0.0100
12:11:14    Results: P=0.000  R=0.000  F0.5=0.000  (633s)
12:11:14  
==================================================
12:11:14  Entity: D-1
12:13:30    Epoch 10/50  loss=0.4363
12:15:48    Epoch 20/50  loss=0.3359
12:18:06    Epoch 30/50  loss=0.2635
12:20:25    Epoch 40/50  loss=0.2404
12:22:44    Epoch 50/50  loss=0.2460
12:23:46    Adaptive tuning_p=0.0417
12:23:46    Results: P=0.507  R=0.091  F0.5=0.266  (752s)
12:23:46  
==================================================
12:23:46  Entity: D-11
12:25:48    Epoch 10/50  loss=0.0649
12:27:51    Epoch 20/50  loss=0.0435
12:29:54    Epoch 30/50  loss=0.0552
12:31:57    Epoch 40/50  loss=0.0549
12:34:01    Epoch 50/50  loss=0.0549
12:34:53    Adaptive tuning_p=0.0100
12:34:53    Results: P=0.000  R=0.000  F0.5=0.000  (667s)
12:34:53  
==================================================
12:34:53  Entity: D-12
12:34:53    [skip] only 18 training windows < batch_size 24, skipping.
12:34:53  
==================================================
12:34:53  Entity: D-13
12:35:57    Epoch 10/50  loss=0.0000
12:37:02    Epoch 20/50  loss=0.0000
12:38:07    Epoch 30/50  loss=0.0000
12:39:13    Epoch 40/50  loss=0.0000
12:40:18    Epoch 50/50  loss=0.0000
12:41:08    Adaptive tuning_p=0.0100
12:41:08    Results: P=0.000  R=0.000  F0.5=0.000  (375s)
12:41:08  
==================================================
12:41:08  Entity: D-2
12:43:26    Epoch 10/50  loss=0.4998
12:45:46    Epoch 20/50  loss=0.4103
12:48:05    Epoch 30/50  loss=0.3215
12:50:25    Epoch 40/50  loss=0.3170
12:52:43    Epoch 50/50  loss=0.2258
12:53:45    Adaptive tuning_p=0.0116
12:53:45    Results: P=0.000  R=0.000  F0.5=0.000  (757s)
12:53:45  
==================================================
12:53:45  Entity: D-3
12:56:04    Epoch 10/50  loss=0.4086
12:58:23    Epoch 20/50  loss=0.3249
13:00:43    Epoch 30/50  loss=0.2767
13:03:03    Epoch 40/50  loss=0.2422
13:05:22    Epoch 50/50  loss=0.1763
13:06:22    Adaptive tuning_p=0.0532
13:06:22    Results: P=0.496  R=0.090  F0.5=0.261  (757s)
13:06:22  
==================================================
13:06:22  Entity: D-4
13:08:35    Epoch 10/50  loss=0.3935
13:10:47    Epoch 20/50  loss=0.3152
13:13:01    Epoch 30/50  loss=0.2630
13:15:14    Epoch 40/50  loss=0.2309
13:17:28    Epoch 50/50  loss=0.1917
13:18:26    Adaptive tuning_p=0.0100
13:18:26    Results: P=0.496  R=0.091  F0.5=0.263  (724s)
13:18:26  
==================================================
13:18:26  Entity: D-5
13:20:29    Epoch 10/50  loss=0.3595
13:22:32    Epoch 20/50  loss=0.2778
13:24:34    Epoch 30/50  loss=0.2287
13:26:40    Epoch 40/50  loss=0.1958
13:28:43    Epoch 50/50  loss=0.1690
13:29:38    Adaptive tuning_p=0.0312
13:29:38    Results: P=0.000  R=0.000  F0.5=0.000  (672s)
13:29:38  
==================================================
13:29:38  Entity: D-6
13:31:41    Epoch 10/50  loss=0.3536
13:33:44    Epoch 20/50  loss=0.2813
13:35:49    Epoch 30/50  loss=0.2152
13:37:53    Epoch 40/50  loss=0.1788
13:39:58    Epoch 50/50  loss=0.1060
13:40:55    Adaptive tuning_p=0.0100
13:40:55    Results: P=0.000  R=0.000  F0.5=0.000  (677s)
13:40:55  
==================================================
13:40:55  Entity: D-7
13:42:59    Epoch 10/50  loss=0.4695
13:45:03    Epoch 20/50  loss=0.3815
13:47:08    Epoch 30/50  loss=0.3319
13:49:13    Epoch 40/50  loss=0.2588
13:51:17    Epoch 50/50  loss=0.2013
13:52:13    Adaptive tuning_p=0.0100
13:52:13    Results: P=0.000  R=0.000  F0.5=0.000  (678s)
13:52:13  
==================================================
13:52:13  Entity: D-8
13:54:17    Epoch 10/50  loss=0.1829
13:56:22    Epoch 20/50  loss=0.1659
13:58:27    Epoch 30/50  loss=0.1459
14:00:30    Epoch 40/50  loss=0.1152
14:02:34    Epoch 50/50  loss=0.0953
14:03:29    Adaptive tuning_p=0.0286
14:03:29    Results: P=0.068  R=0.804  F0.5=0.084  (676s)
14:03:29  
==================================================
14:03:29  Entity: D-9
14:05:32    Epoch 10/50  loss=0.1897
14:07:36    Epoch 20/50  loss=0.1461
14:09:41    Epoch 30/50  loss=0.1089
14:11:46    Epoch 40/50  loss=0.0720
14:13:49    Epoch 50/50  loss=0.0595
14:14:42    Adaptive tuning_p=0.0208
14:14:42    Results: P=0.000  R=0.000  F0.5=0.000  (673s)
14:14:42  
==================================================
14:14:42  Entity: E-1
14:17:01    Epoch 10/50  loss=0.4315
14:19:20    Epoch 20/50  loss=0.3242
14:21:38    Epoch 30/50  loss=0.2844
14:23:59    Epoch 40/50  loss=0.2429
14:26:21    Epoch 50/50  loss=0.2096
14:27:22    Adaptive tuning_p=0.0347
14:27:22    Results: P=0.049  R=0.057  F0.5=0.051  (760s)
14:27:22  
==================================================
14:27:22  Entity: E-10
14:29:43    Epoch 10/50  loss=0.4194
14:32:05    Epoch 20/50  loss=0.3450
14:34:25    Epoch 30/50  loss=0.2665
14:36:47    Epoch 40/50  loss=0.2413
14:39:08    Epoch 50/50  loss=0.2150
14:40:11    Adaptive tuning_p=0.0231
14:40:11    Results: P=0.064  R=0.118  F0.5=0.071  (769s)
14:40:11  
==================================================
14:40:11  Entity: E-11
14:42:32    Epoch 10/50  loss=0.4159
14:44:54    Epoch 20/50  loss=0.3451
14:47:16    Epoch 30/50  loss=0.2638
14:49:38    Epoch 40/50  loss=0.2384
14:52:00    Epoch 50/50  loss=0.2291
14:53:02    Adaptive tuning_p=0.0100
14:53:02    Results: P=0.042  R=0.085  F0.5=0.047  (771s)
14:53:02  
==================================================
14:53:02  Entity: E-12
14:55:25    Epoch 10/50  loss=0.4149
14:57:47    Epoch 20/50  loss=0.3219
15:00:09    Epoch 30/50  loss=0.2654
15:02:31    Epoch 40/50  loss=0.2352
15:04:53    Epoch 50/50  loss=0.1984
15:05:57    Adaptive tuning_p=0.0532
15:05:57    Results: P=0.049  R=0.050  F0.5=0.049  (774s)
15:05:57  
==================================================
15:05:57  Entity: E-13
15:08:17    Epoch 10/50  loss=0.4683
15:10:40    Epoch 20/50  loss=0.3717
15:13:03    Epoch 30/50  loss=0.3148
15:15:26    Epoch 40/50  loss=0.2389
15:17:50    Epoch 50/50  loss=0.2031
15:18:54    Adaptive tuning_p=0.0116
15:18:54    Results: P=0.000  R=0.000  F0.5=0.000  (777s)
15:18:54  
==================================================
15:18:54  Entity: E-2
15:21:16    Epoch 10/50  loss=0.4408
15:23:38    Epoch 20/50  loss=0.3333
15:25:59    Epoch 30/50  loss=0.2719
15:28:21    Epoch 40/50  loss=0.2266
15:30:44    Epoch 50/50  loss=0.2093
15:31:46    Adaptive tuning_p=0.0579
15:31:46    Results: P=0.069  R=0.029  F0.5=0.055  (772s)
15:31:46  
==================================================
15:31:46  Entity: E-3
15:34:08    Epoch 10/50  loss=0.4192
15:36:31    Epoch 20/50  loss=0.3389
15:38:54    Epoch 30/50  loss=0.2887
15:41:17    Epoch 40/50  loss=0.2423
15:43:40    Epoch 50/50  loss=0.2113
15:44:42    Adaptive tuning_p=0.0556
15:44:42    Results: P=0.522  R=0.096  F0.5=0.277  (776s)
15:44:42  
==================================================
15:44:42  Entity: E-4
15:47:04    Epoch 10/50  loss=0.4154
15:49:27    Epoch 20/50  loss=0.3148
15:51:49    Epoch 30/50  loss=0.2686
15:54:11    Epoch 40/50  loss=0.2360
15:56:34    Epoch 50/50  loss=0.1949
15:57:36    Adaptive tuning_p=0.0394
15:57:36    Results: P=0.340  R=0.072  F0.5=0.195  (775s)
15:57:36  
==================================================
15:57:36  Entity: E-5
15:59:59    Epoch 10/50  loss=0.4494
16:02:20    Epoch 20/50  loss=0.3542
16:04:42    Epoch 30/50  loss=0.2815
16:07:05    Epoch 40/50  loss=0.2460
16:09:28    Epoch 50/50  loss=0.2304
16:10:30    Adaptive tuning_p=0.0100
16:10:30    Results: P=0.088  R=0.162  F0.5=0.096  (773s)
16:10:30  
==================================================
16:10:30  Entity: E-6
16:12:51    Epoch 10/50  loss=0.4340
16:15:14    Epoch 20/50  loss=0.3069
16:17:36    Epoch 30/50  loss=0.2581
16:19:59    Epoch 40/50  loss=0.2268
16:22:22    Epoch 50/50  loss=0.1775
16:23:23    Adaptive tuning_p=0.0208
16:23:23    Results: P=0.072  R=0.652  F0.5=0.088  (774s)
16:23:23  
==================================================
16:23:23  Entity: E-7
16:25:37    Epoch 10/50  loss=0.4573
16:27:51    Epoch 20/50  loss=0.3625
16:30:06    Epoch 30/50  loss=0.3062
16:32:21    Epoch 40/50  loss=0.2603
16:34:36    Epoch 50/50  loss=0.2314
16:35:38    Adaptive tuning_p=0.0100
16:35:38    Results: P=0.119  R=0.249  F0.5=0.133  (734s)
16:35:38  
==================================================
16:35:38  Entity: E-8
16:38:03    Epoch 10/50  loss=0.4346
16:40:29    Epoch 20/50  loss=0.3329
16:42:54    Epoch 30/50  loss=0.2766
16:45:20    Epoch 40/50  loss=0.2313
16:47:45    Epoch 50/50  loss=0.1856
16:48:50    Adaptive tuning_p=0.0231
16:48:50    Results: P=0.405  R=0.384  F0.5=0.401  (793s)
16:48:50  
==================================================
16:48:50  Entity: E-9
16:51:16    Epoch 10/50  loss=0.4228
16:53:41    Epoch 20/50  loss=0.3100
16:56:06    Epoch 30/50  loss=0.2666
16:58:26    Epoch 40/50  loss=0.2425
17:00:46    Epoch 50/50  loss=0.2271
17:01:47    Adaptive tuning_p=0.0139
17:01:47    Results: P=0.172  R=0.291  F0.5=0.187  (777s)
17:01:47  
==================================================
17:01:47  Entity: F-1
17:04:12    Epoch 10/50  loss=0.3997
17:06:38    Epoch 20/50  loss=0.2979
17:09:04    Epoch 30/50  loss=0.2278
17:11:31    Epoch 40/50  loss=0.2131
17:13:58    Epoch 50/50  loss=0.1699
17:15:03    Adaptive tuning_p=0.0139
17:15:03    Results: P=0.000  R=0.000  F0.5=0.000  (797s)
17:15:03  
==================================================
17:15:03  Entity: F-2
17:17:29    Epoch 10/50  loss=0.1923
17:19:56    Epoch 20/50  loss=0.1547
17:22:23    Epoch 30/50  loss=0.1279
17:24:51    Epoch 40/50  loss=0.0948
17:27:16    Epoch 50/50  loss=0.0718
17:28:22    Adaptive tuning_p=0.0301
17:28:22    Results: P=0.000  R=0.000  F0.5=0.000  (799s)
17:28:22  
==================================================
17:28:22  Entity: F-3
17:30:49    Epoch 10/50  loss=0.4196
17:33:16    Epoch 20/50  loss=0.3371
17:35:43    Epoch 30/50  loss=0.2965
17:38:10    Epoch 40/50  loss=0.2537
17:40:39    Epoch 50/50  loss=0.2054
17:41:42    Adaptive tuning_p=0.0100
17:41:42    Results: P=0.069  R=1.000  F0.5=0.085  (800s)
17:41:42  
==================================================
17:41:42  Entity: G-1
17:44:06    Epoch 10/50  loss=0.4518
17:46:30    Epoch 20/50  loss=0.3451
17:48:53    Epoch 30/50  loss=0.2959
17:51:17    Epoch 40/50  loss=0.2532
17:53:40    Epoch 50/50  loss=0.2141
17:54:45    Adaptive tuning_p=0.0100
17:54:45    Results: P=0.000  R=0.000  F0.5=0.000  (783s)
17:54:45  
==================================================
17:54:45  Entity: G-2
17:56:47    Epoch 10/50  loss=0.3937
17:58:50    Epoch 20/50  loss=0.3080
18:00:53    Epoch 30/50  loss=0.2725
18:02:55    Epoch 40/50  loss=0.2329
18:04:57    Epoch 50/50  loss=0.1815
18:05:53    Adaptive tuning_p=0.0167
18:05:53    Results: P=0.053  R=0.854  F0.5=0.065  (668s)
18:05:53  
==================================================
18:05:53  Entity: G-3
18:08:02    Epoch 10/50  loss=0.4598
18:10:12    Epoch 20/50  loss=0.3284
18:12:22    Epoch 30/50  loss=0.3016
18:14:29    Epoch 40/50  loss=0.2386
18:16:37    Epoch 50/50  loss=0.1768
18:17:34    Adaptive tuning_p=0.0208
18:17:34    Results: P=0.000  R=0.000  F0.5=0.000  (701s)
18:17:34  
==================================================
18:17:34  Entity: G-4
18:19:37    Epoch 10/50  loss=0.1200
18:21:40    Epoch 20/50  loss=0.1056
18:23:45    Epoch 30/50  loss=0.0909
18:25:48    Epoch 40/50  loss=0.0892
18:27:51    Epoch 50/50  loss=0.0618
18:28:46    Adaptive tuning_p=0.0484
18:28:46    Results: P=0.102  R=1.000  F0.5=0.124  (672s)
18:28:46  
==================================================
18:28:46  Entity: G-6
18:31:09    Epoch 10/50  loss=0.0719
18:33:31    Epoch 20/50  loss=0.0571
18:35:54    Epoch 30/50  loss=0.0523
18:38:17    Epoch 40/50  loss=0.0474
18:40:39    Epoch 50/50  loss=0.0463
18:41:41    Adaptive tuning_p=0.0486
18:41:41    Results: P=0.000  R=0.000  F0.5=0.000  (775s)
18:41:41  
==================================================
18:41:41  Entity: G-7
18:43:39    Epoch 10/50  loss=0.0347
18:45:38    Epoch 20/50  loss=0.0246
18:47:36    Epoch 30/50  loss=0.0203
18:49:36    Epoch 40/50  loss=0.0198
18:51:34    Epoch 50/50  loss=0.0181
18:52:31    Adaptive tuning_p=0.0306
18:52:31    Results: P=0.000  R=0.000  F0.5=0.000  (650s)
18:52:31  
==================================================
18:52:31  Entity: P-1
18:54:53    Epoch 10/50  loss=0.3420
18:57:15    Epoch 20/50  loss=0.2722
18:59:37    Epoch 30/50  loss=0.2334
19:02:00    Epoch 40/50  loss=0.1989
19:04:23    Epoch 50/50  loss=0.1606
19:05:26    Adaptive tuning_p=0.0255
19:05:26    Results: P=0.101  R=0.160  F0.5=0.109  (775s)
19:05:26  
==================================================
19:05:26  Entity: P-2
19:07:44    Epoch 10/50  loss=0.4330
19:10:03    Epoch 20/50  loss=0.3347
19:12:20    Epoch 30/50  loss=0.2875
19:14:40    Epoch 40/50  loss=0.2449
19:16:58    Epoch 50/50  loss=0.2290
19:18:00    Adaptive tuning_p=0.0100
19:18:00    Results: P=0.376  R=0.200  F0.5=0.320  (754s)
19:18:00  
==================================================
19:18:00  Entity: P-3
19:20:22    Epoch 10/50  loss=0.4284
19:22:45    Epoch 20/50  loss=0.3401
19:25:08    Epoch 30/50  loss=0.2987
19:27:32    Epoch 40/50  loss=0.2487
19:29:55    Epoch 50/50  loss=0.2297
19:30:58    Adaptive tuning_p=0.0100
19:30:58    Results: P=0.297  R=0.131  F0.5=0.237  (778s)
19:30:58  
==================================================
19:30:58  Entity: P-4
19:33:05    Epoch 10/50  loss=0.4231
19:35:12    Epoch 20/50  loss=0.3404
19:37:20    Epoch 30/50  loss=0.2724
19:39:27    Epoch 40/50  loss=0.2456
19:41:35    Epoch 50/50  loss=0.2067
19:42:32    Adaptive tuning_p=0.0417
19:42:32    Results: P=0.356  R=0.819  F0.5=0.401  (694s)
19:42:32  
==================================================
19:42:32  Entity: P-7
19:44:55    Epoch 10/50  loss=0.0311
19:47:18    Epoch 20/50  loss=0.0290
19:49:41    Epoch 30/50  loss=0.0242
19:52:03    Epoch 40/50  loss=0.0242
19:54:25    Epoch 50/50  loss=0.0225
19:55:24    Adaptive tuning_p=0.0694
19:55:24    Results: P=0.660  R=0.593  F0.5=0.645  (772s)
19:55:24  
==================================================
19:55:24  Entity: R-1
19:57:46    Epoch 10/50  loss=0.0275
20:00:09    Epoch 20/50  loss=0.0174
20:02:31    Epoch 30/50  loss=0.0224
20:04:54    Epoch 40/50  loss=0.0224
20:07:15    Epoch 50/50  loss=0.0198
20:08:08    Adaptive tuning_p=0.0694
20:08:08    Results: P=0.248  R=0.914  F0.5=0.291  (764s)
20:08:08  
==================================================
20:08:08  Entity: S-1
20:10:27    Epoch 10/50  loss=0.4049
20:12:44    Epoch 20/50  loss=0.3282
20:15:02    Epoch 30/50  loss=0.2778
20:17:21    Epoch 40/50  loss=0.2354
20:19:39    Epoch 50/50  loss=0.2284
20:20:34    Adaptive tuning_p=0.0100
20:20:34    Results: P=0.000  R=0.000  F0.5=0.000  (745s)
20:20:34  
==================================================
20:20:34  Entity: T-1
20:22:55    Epoch 10/50  loss=0.0004
20:25:15    Epoch 20/50  loss=0.0003
20:27:35    Epoch 30/50  loss=0.0002
20:29:56    Epoch 40/50  loss=0.0002
20:32:16    Epoch 50/50  loss=0.0001
20:33:17    Adaptive tuning_p=0.0100
20:33:17    Results: P=0.000  R=0.000  F0.5=0.000  (764s)
20:33:17  
==================================================
20:33:17  Entity: T-2
20:35:39    Epoch 10/50  loss=0.1691
20:37:59    Epoch 20/50  loss=0.1388
20:40:21    Epoch 30/50  loss=0.1194
20:42:42    Epoch 40/50  loss=0.1099
20:45:03    Epoch 50/50  loss=0.0920
20:46:05    Adaptive tuning_p=0.0625
20:46:05    Results: P=0.000  R=0.000  F0.5=0.000  (768s)
20:46:05  
==================================================
20:46:05  Entity: T-3
20:48:25    Epoch 10/50  loss=0.1614
20:50:47    Epoch 20/50  loss=0.1550
20:53:07    Epoch 30/50  loss=0.1203
20:55:28    Epoch 40/50  loss=0.1076
20:57:48    Epoch 50/50  loss=0.0741
20:58:51    Adaptive tuning_p=0.0100
20:58:51    Results: P=0.000  R=0.000  F0.5=0.000  (766s)
20:58:51  
==================================================
20:58:51  Summary:
20:58:51    A-1       P=0.095  R=1.000  F0.5=0.116
20:58:51    A-2       P=0.000  R=0.000  F0.5=0.000
20:58:51    A-3       P=0.000  R=0.000  F0.5=0.000
20:58:51    A-4       P=0.000  R=0.000  F0.5=0.000
20:58:51    A-5       P=0.180  R=1.000  F0.5=0.215
20:58:51    A-6       P=0.138  R=1.000  F0.5=0.166
20:58:51    A-7       P=0.497  R=0.111  F0.5=0.293
20:58:51    A-8       P=0.000  R=0.000  F0.5=0.000
20:58:51    A-9       P=0.000  R=0.000  F0.5=0.000
20:58:51    B-1       P=0.000  R=0.000  F0.5=0.000
20:58:51    D-1       P=0.507  R=0.091  F0.5=0.266
20:58:51    D-11      P=0.000  R=0.000  F0.5=0.000
20:58:51    D-13      P=0.000  R=0.000  F0.5=0.000
20:58:51    D-2       P=0.000  R=0.000  F0.5=0.000
20:58:51    D-3       P=0.496  R=0.090  F0.5=0.261
20:58:51    D-4       P=0.496  R=0.091  F0.5=0.263
20:58:51    D-5       P=0.000  R=0.000  F0.5=0.000
20:58:51    D-6       P=0.000  R=0.000  F0.5=0.000
20:58:51    D-7       P=0.000  R=0.000  F0.5=0.000
20:58:51    D-8       P=0.068  R=0.804  F0.5=0.084
20:58:51    D-9       P=0.000  R=0.000  F0.5=0.000
20:58:51    E-1       P=0.049  R=0.057  F0.5=0.051
20:58:51    E-10      P=0.064  R=0.118  F0.5=0.071
20:58:51    E-11      P=0.042  R=0.085  F0.5=0.047
20:58:51    E-12      P=0.049  R=0.050  F0.5=0.049
20:58:51    E-13      P=0.000  R=0.000  F0.5=0.000
20:58:51    E-2       P=0.069  R=0.029  F0.5=0.055
20:58:51    E-3       P=0.522  R=0.096  F0.5=0.277
20:58:51    E-4       P=0.340  R=0.072  F0.5=0.195
20:58:51    E-5       P=0.088  R=0.162  F0.5=0.096
20:58:51    E-6       P=0.072  R=0.652  F0.5=0.088
20:58:51    E-7       P=0.119  R=0.249  F0.5=0.133
20:58:51    E-8       P=0.405  R=0.384  F0.5=0.401
20:58:51    E-9       P=0.172  R=0.291  F0.5=0.187
20:58:51    F-1       P=0.000  R=0.000  F0.5=0.000
20:58:51    F-2       P=0.000  R=0.000  F0.5=0.000
20:58:51    F-3       P=0.069  R=1.000  F0.5=0.085
20:58:51    G-1       P=0.000  R=0.000  F0.5=0.000
20:58:51    G-2       P=0.053  R=0.854  F0.5=0.065
20:58:51    G-3       P=0.000  R=0.000  F0.5=0.000
20:58:51    G-4       P=0.102  R=1.000  F0.5=0.124
20:58:51    G-6       P=0.000  R=0.000  F0.5=0.000
20:58:51    G-7       P=0.000  R=0.000  F0.5=0.000
20:58:51    P-1       P=0.101  R=0.160  F0.5=0.109
20:58:51    P-2       P=0.376  R=0.200  F0.5=0.320
20:58:51    P-3       P=0.297  R=0.131  F0.5=0.237
20:58:51    P-4       P=0.356  R=0.819  F0.5=0.401
20:58:51    P-7       P=0.660  R=0.593  F0.5=0.645
20:58:51    R-1       P=0.248  R=0.914  F0.5=0.291
20:58:51    S-1       P=0.000  R=0.000  F0.5=0.000
20:58:51    T-1       P=0.000  R=0.000  F0.5=0.000
20:58:51    T-2       P=0.000  R=0.000  F0.5=0.000
20:58:51    T-3       P=0.000  R=0.000  F0.5=0.000
20:58:51  
Average F0.5: 0.105
20:58:51  Results saved to: logs\smap_20260509_105041_results.csv
20:58:51  Summary saved to: logs\smap_20260509_105041_summary.json
